<?xml version="1.0" encoding="UTF-8"?>
<!-- Generated by org.testng.reporters.JUnitReportReporter -->
<testsuite hostname="DESKTOP-HR5OPSO" failures="0" tests="1" name="org.AcurusResume.PageTest.AddApplicantDemoTest" time="65.567" errors="0" timestamp="2020-11-08T16:51:58 IST" skipped="0">
  <testcase classname="org.AcurusResume.PageTest.AddApplicantDemoTest" name="AddApplicantTest" time="65.567"/>
  <system-out/>
</testsuite> <!-- org.AcurusResume.PageTest.AddApplicantDemoTest -->
