<?xml version="1.0" encoding="UTF-8"?>
<!-- Generated by org.testng.reporters.JUnitReportReporter -->
<testsuite skipped="0" hostname="DESKTOP-HR5OPSO" name="org.AcurusResume.PageTest.LoginTest" tests="1" failures="0" timestamp="2020-11-08T20:25:28 IST" time="14.190" errors="0">
  <testcase name="Logintest" time="14.190" classname="org.AcurusResume.PageTest.LoginTest"/>
  <system-out/>
</testsuite> <!-- org.AcurusResume.PageTest.LoginTest -->
