<?xml version="1.0" encoding="UTF-8"?>
<!-- Generated by org.testng.reporters.JUnitReportReporter -->
<testsuite skipped="0" hostname="DESKTOP-HR5OPSO" name="org.AcurusResume.PageTest.LoginTest" tests="1" failures="0" timestamp="2020-11-17T19:29:29 IST" time="20.998" errors="0">
  <testcase name="Logintest" time="20.998" classname="org.AcurusResume.PageTest.LoginTest"/>
  <system-out/>
</testsuite> <!-- org.AcurusResume.PageTest.LoginTest -->
