<?xml version="1.0" encoding="UTF-8"?>
<!-- Generated by org.testng.reporters.JUnitReportReporter -->
<testsuite skipped="0" hostname="ACURUS173" name="PageTest.MrfRequestApproverTest" tests="1" failures="0" timestamp="2021-02-08T20:50:32 PST" time="4.295" errors="0">
  <testcase name="MrfApproverTestCase" time="4.295" classname="PageTest.MrfRequestApproverTest"/>
  <system-out/>
</testsuite> <!-- PageTest.MrfRequestApproverTest -->
