<?xml version="1.0" encoding="UTF-8"?>
<!-- Generated by org.testng.reporters.JUnitReportReporter -->
<testsuite hostname="DESKTOP-HR5OPSO" failures="0" tests="1" name="org.AcurusResume.PageTest.LoginTest" time="9.477" errors="0" timestamp="2020-11-10T18:35:39 IST" skipped="0">
  <testcase classname="org.AcurusResume.PageTest.LoginTest" name="Logintest" time="9.477"/>
  <system-out/>
</testsuite> <!-- org.AcurusResume.PageTest.LoginTest -->
