<?xml version="1.0" encoding="UTF-8"?>
<!-- Generated by org.testng.reporters.JUnitReportReporter -->
<testsuite skipped="0" hostname="ACURUS173" name="PageTest.EducationTest" tests="1" failures="0" timestamp="2020-12-29T01:59:27 PST" time="12.307" errors="0">
  <testcase name="EduTest" time="12.307" classname="PageTest.EducationTest"/>
  <system-out/>
</testsuite> <!-- PageTest.EducationTest -->
